make --dry-run --always-make --keep-going --print-directory
make: Entering directory `/Users/rricol/Documents/Projects 42/Libft_MD/Libft'
gcc -Wall -Werror -Wextra   -c -o ft_atoi.o ft_atoi.c
gcc -Wall -Werror -Wextra   -c -o ft_bzero.o ft_bzero.c
gcc -Wall -Werror -Wextra   -c -o ft_calloc.o ft_calloc.c
gcc -Wall -Werror -Wextra   -c -o ft_isalnum.o ft_isalnum.c
gcc -Wall -Werror -Wextra   -c -o ft_isalpha.o ft_isalpha.c
gcc -Wall -Werror -Wextra   -c -o ft_isascii.o ft_isascii.c
gcc -Wall -Werror -Wextra   -c -o ft_isdigit.o ft_isdigit.c
gcc -Wall -Werror -Wextra   -c -o ft_isprint.o ft_isprint.c
gcc -Wall -Werror -Wextra   -c -o ft_itoa.o ft_itoa.c
gcc -Wall -Werror -Wextra   -c -o ft_memchr.o ft_memchr.c
gcc -Wall -Werror -Wextra   -c -o ft_memcmp.o ft_memcmp.c
gcc -Wall -Werror -Wextra   -c -o ft_memcpy.o ft_memcpy.c
gcc -Wall -Werror -Wextra   -c -o ft_memmove.o ft_memmove.c
gcc -Wall -Werror -Wextra   -c -o ft_memset.o ft_memset.c
gcc -Wall -Werror -Wextra   -c -o ft_putchar_fd.o ft_putchar_fd.c
gcc -Wall -Werror -Wextra   -c -o ft_putendl_fd.o ft_putendl_fd.c
gcc -Wall -Werror -Wextra   -c -o ft_putnbr_fd.o ft_putnbr_fd.c
 
gcc -Wall -Werror -Wextra   -c -o ft_putstr_fd.o ft_putstr_fd.c
gcc -Wall -Werror -Wextra   -c -o ft_split.o ft_split.c
gcc -Wall -Werror -Wextra   -c -o ft_strchr.o ft_strchr.c
gcc -Wall -Werror -Wextra   -c -o ft_strdup.o ft_strdup.c
gcc -Wall -Werror -Wextra   -c -o ft_striteri.o ft_striteri.c
gcc -Wall -Werror -Wextra   -c -o ft_strjoin.o ft_strjoin.c
gcc -Wall -Werror -Wextra   -c -o ft_strlcat.o ft_strlcat.c
gcc -Wall -Werror -Wextra   -c -o ft_strlcpy.o ft_strlcpy.c
gcc -Wall -Werror -Wextra   -c -o ft_strlen.o ft_strlen.c
gcc -Wall -Werror -Wextra   -c -o ft_strmapi.o ft_strmapi.c
gcc -Wall -Werror -Wextra   -c -o ft_strncmp.o ft_strncmp.c
gcc -Wall -Werror -Wextra   -c -o ft_strnstr.o ft_strnstr.c
gcc -Wall -Werror -Wextra   -c -o ft_strrchr.o ft_strrchr.c
gcc -Wall -Werror -Wextra   -c -o ft_strtrim.o ft_strtrim.c
 
gcc -Wall -Werror -Wextra   -c -o ft_substr.o ft_substr.c
gcc -Wall -Werror -Wextra   -c -o ft_tolower.o ft_tolower.c
gcc -Wall -Werror -Wextra   -c -o ft_toupper.o ft_toupper.c
gcc -Wall -Werror -Wextra -c ft_atoi.c ft_bzero.c ft_calloc.c ft_isalnum.c ft_isalpha.c ft_isascii.c ft_isdigit.c ft_isprint.c ft_itoa.c ft_memchr.c ft_memcmp.c ft_memcpy.c ft_memmove.c ft_memset.c ft_putchar_fd.c ft_putendl_fd.c ft_putnbr_fd.c ft_putstr_fd.c ft_split.c ft_strchr.c ft_strdup.c ft_striteri.c ft_strjoin.c ft_strlcat.c ft_strlcpy.c ft_strlen.c ft_strmapi.c ft_strncmp.c ft_strnstr.c ft_strrchr.c ft_strtrim.c ft_substr.c ft_tolower.c ft_toupper.c  libft.h
ar rc libft.a *.o
make: Leaving directory `/Users/rricol/Documents/Projects 42/Libft_MD/Libft'
 
